\BOOKMARK [1][-]{section.1}{\376\377\000I\000n\000t\000r\000o\000d\000u\000c\000c\000i\000\363\000n}{}% 1
\BOOKMARK [2][-]{subsection.1.1}{\376\377\000O\000b\000j\000e\000t\000i\000v\000o\000s}{section.1}% 2
\BOOKMARK [3][-]{subsubsection.1.1.1}{\376\377\000O\000b\000j\000e\000t\000i\000v\000o\000s\000\040\000-\000\040\000I\000n\000g\000e\000n\000i\000e\000r\000\355\000a\000\040\000d\000e\000l\000\040\000S\000o\000f\000t\000w\000a\000r\000e}{subsection.1.1}% 3
\BOOKMARK [3][-]{subsubsection.1.1.2}{\376\377\000O\000b\000j\000e\000t\000i\000v\000o\000s\000\040\000-\000\040\000P\000a\000r\000a\000d\000i\000g\000m\000a\000s\000\040\000d\000e\000l\000\040\000S\000o\000f\000t\000w\000a\000r\000e}{subsection.1.1}% 4
\BOOKMARK [2][-]{subsection.1.2}{\376\377\000A\000c\000c\000e\000s\000o\000\040\000a\000l\000\040\000c\000\363\000d\000i\000g\000o\000\040\000y\000\040\000m\000a\000t\000e\000r\000i\000a\000l\000\040\000a\000d\000i\000c\000i\000o\000n\000a\000l}{section.1}% 5
\BOOKMARK [1][-]{section.2}{\376\377\000R\000e\000q\000u\000i\000s\000i\000t\000o\000s\000\040\000d\000e\000l\000\040\000p\000r\000o\000y\000e\000c\000t\000o}{}% 6
\BOOKMARK [2][-]{subsection.2.1}{\376\377\000R\000e\000q\000u\000i\000s\000i\000t\000o\000s\000\040\000b\000\341\000s\000i\000c\000o\000s}{section.2}% 7
\BOOKMARK [3][-]{subsubsection.2.1.1}{\376\377\000R\000e\000q\000u\000i\000s\000i\000t\000o\000\040\000b\000\341\000s\000i\000c\000o\000\040\0001\000\040\000-\000\040\000G\000e\000s\000t\000i\000o\000n\000a\000r\000\040\000u\000n\000a\000\040\000u\000b\000i\000c\000a\000c\000i\000\363\000n\000\040\000d\000e\000\040\000i\000n\000t\000e\000r\000\351\000s}{subsection.2.1}% 8
\BOOKMARK [4][-]{paragraph.2.1.1.1}{\376\377\000R\000e\000q\000u\000i\000s\000i\000t\000o\000\040\000b\000\341\000s\000i\000c\000o\000\040\0001\000,\000\040\000H\000i\000s\000t\000o\000r\000i\000a\000\040\000d\000e\000\040\000u\000s\000u\000a\000r\000i\000o\000\040\0001}{subsubsection.2.1.1}% 9
\BOOKMARK [4][-]{paragraph.2.1.1.2}{\376\377\000R\000e\000q\000u\000i\000s\000i\000t\000o\000\040\000b\000\341\000s\000i\000c\000o\000\040\0001\000,\000\040\000H\000i\000s\000t\000o\000r\000i\000a\000\040\000d\000e\000\040\000u\000s\000u\000a\000r\000i\000o\000\040\0002}{subsubsection.2.1.1}% 10
\BOOKMARK [4][-]{paragraph.2.1.1.3}{\376\377\000R\000e\000q\000u\000i\000s\000i\000t\000o\000\040\000b\000\341\000s\000i\000c\000o\000\040\0001\000,\000\040\000H\000i\000s\000t\000o\000r\000i\000a\000\040\000d\000e\000\040\000u\000s\000u\000a\000r\000i\000o\000\040\0003}{subsubsection.2.1.1}% 11
\BOOKMARK [4][-]{paragraph.2.1.1.4}{\376\377\000R\000e\000q\000u\000i\000s\000i\000t\000o\000\040\000b\000\341\000s\000i\000c\000o\000\040\0001\000,\000\040\000H\000i\000s\000t\000o\000r\000i\000a\000\040\000d\000e\000\040\000u\000s\000u\000a\000r\000i\000o\000\040\0004}{subsubsection.2.1.1}% 12
\BOOKMARK [4][-]{paragraph.2.1.1.5}{\376\377\000R\000e\000q\000u\000i\000s\000i\000t\000o\000\040\000b\000\341\000s\000i\000c\000o\000\040\0001\000,\000\040\000H\000i\000s\000t\000o\000r\000i\000a\000\040\000d\000e\000\040\000u\000s\000u\000a\000r\000i\000o\000\040\0005}{subsubsection.2.1.1}% 13
\BOOKMARK [4][-]{paragraph.2.1.1.6}{\376\377\000R\000e\000q\000u\000i\000s\000i\000t\000o\000\040\000b\000\341\000s\000i\000c\000o\000\040\0001\000,\000\040\000H\000i\000s\000t\000o\000r\000i\000a\000\040\000d\000e\000\040\000u\000s\000u\000a\000r\000i\000o\000\040\0006}{subsubsection.2.1.1}% 14
\BOOKMARK [4][-]{paragraph.2.1.1.7}{\376\377\000R\000e\000q\000u\000i\000s\000i\000t\000o\000\040\000b\000\341\000s\000i\000c\000o\000\040\0001\000,\000\040\000H\000i\000s\000t\000o\000r\000i\000a\000\040\000d\000e\000\040\000u\000s\000u\000a\000r\000i\000o\000\040\0007}{subsubsection.2.1.1}% 15
\BOOKMARK [4][-]{paragraph.2.1.1.8}{\376\377\000R\000e\000q\000u\000i\000s\000i\000t\000o\000\040\000b\000\341\000s\000i\000c\000o\000\040\0001\000,\000\040\000H\000i\000s\000t\000o\000r\000i\000a\000\040\000d\000e\000\040\000u\000s\000u\000a\000r\000i\000o\000\040\0008}{subsubsection.2.1.1}% 16
\BOOKMARK [4][-]{paragraph.2.1.1.9}{\376\377\000R\000e\000q\000u\000i\000s\000i\000t\000o\000\040\000b\000\341\000s\000i\000c\000o\000\040\0001\000,\000\040\000H\000i\000s\000t\000o\000r\000i\000a\000\040\000d\000e\000\040\000u\000s\000u\000a\000r\000i\000o\000\040\0009}{subsubsection.2.1.1}% 17
\BOOKMARK [4][-]{paragraph.2.1.1.10}{\376\377\000R\000e\000q\000u\000i\000s\000i\000t\000o\000\040\000b\000\341\000s\000i\000c\000o\000\040\0001\000,\000\040\000H\000i\000s\000t\000o\000r\000i\000a\000\040\000d\000e\000\040\000u\000s\000u\000a\000r\000i\000o\000\040\0001\0000}{subsubsection.2.1.1}% 18
\BOOKMARK [3][-]{subsubsection.2.1.2}{\376\377\000R\000e\000q\000u\000i\000s\000i\000t\000o\000\040\000b\000\341\000s\000i\000c\000o\000\040\0002\000\040\000-\000\040\000G\000e\000s\000t\000i\000o\000n\000a\000r\000\040\000h\000a\000s\000t\000a\000\040\000t\000r\000e\000s\000\040\000u\000b\000i\000c\000a\000c\000i\000o\000n\000e\000s\000\040\000d\000e\000\040\000i\000n\000t\000e\000r\000\351\000s}{subsection.2.1}% 19
\BOOKMARK [4][-]{paragraph.2.1.2.1}{\376\377\000R\000e\000q\000u\000i\000s\000i\000t\000o\000\040\000b\000\341\000s\000i\000c\000o\000\040\0002\000,\000\040\000H\000i\000s\000t\000o\000r\000i\000a\000\040\000d\000e\000\040\000u\000s\000u\000a\000r\000i\000o\000\040\0001}{subsubsection.2.1.2}% 20
\BOOKMARK [4][-]{paragraph.2.1.2.2}{\376\377\000R\000e\000q\000u\000i\000s\000i\000t\000o\000\040\000b\000\341\000s\000i\000c\000o\000\040\0002\000,\000\040\000H\000i\000s\000t\000o\000r\000i\000a\000\040\000d\000e\000\040\000u\000s\000u\000a\000r\000i\000o\000\040\0002}{subsubsection.2.1.2}% 21
\BOOKMARK [4][-]{paragraph.2.1.2.3}{\376\377\000R\000e\000q\000u\000i\000s\000i\000t\000o\000\040\000b\000\341\000s\000i\000c\000o\000\040\0002\000,\000\040\000H\000i\000s\000t\000o\000r\000i\000a\000\040\000d\000e\000\040\000u\000s\000u\000a\000r\000i\000o\000\040\0003}{subsubsection.2.1.2}% 22
\BOOKMARK [4][-]{paragraph.2.1.2.4}{\376\377\000R\000e\000q\000u\000i\000s\000i\000t\000o\000\040\000b\000\341\000s\000i\000c\000o\000\040\0002\000,\000\040\000H\000i\000s\000t\000o\000r\000i\000a\000\040\000d\000e\000\040\000u\000s\000u\000a\000r\000i\000o\000\040\0004}{subsubsection.2.1.2}% 23
\BOOKMARK [4][-]{paragraph.2.1.2.5}{\376\377\000R\000e\000q\000u\000i\000s\000i\000t\000o\000\040\000b\000\341\000s\000i\000c\000o\000\040\0002\000,\000\040\000H\000i\000s\000t\000o\000r\000i\000a\000\040\000d\000e\000\040\000u\000s\000u\000a\000r\000i\000o\000\040\0005}{subsubsection.2.1.2}% 24
\BOOKMARK [3][-]{subsubsection.2.1.3}{\376\377\000R\000e\000q\000u\000i\000s\000i\000t\000o\000\040\000b\000\341\000s\000i\000c\000o\000\040\0003\000\040\000-\000\040\000A\000c\000t\000i\000v\000a\000r\000\040\000s\000e\000r\000v\000i\000c\000i\000o\000s\000\040\000A\000P\000I\000\040\000a\000\040\000p\000a\000r\000t\000i\000r\000\040\000d\000e\000\040\000u\000n\000a\000\040\000l\000i\000s\000t\000a}{subsection.2.1}% 25
\BOOKMARK [4][-]{paragraph.2.1.3.1}{\376\377\000R\000e\000q\000u\000i\000s\000i\000t\000o\000\040\000b\000\341\000s\000i\000c\000o\000\040\0003\000,\000\040\000H\000i\000s\000t\000o\000r\000i\000a\000\040\000d\000e\000\040\000u\000s\000u\000a\000r\000i\000o\000\040\0001}{subsubsection.2.1.3}% 26
\BOOKMARK [4][-]{paragraph.2.1.3.2}{\376\377\000R\000e\000q\000u\000i\000s\000i\000t\000o\000\040\000b\000\341\000s\000i\000c\000o\000\040\0003\000,\000\040\000H\000i\000s\000t\000o\000r\000i\000a\000\040\000d\000e\000\040\000u\000s\000u\000a\000r\000i\000o\000\040\0002}{subsubsection.2.1.3}% 27
\BOOKMARK [4][-]{paragraph.2.1.3.3}{\376\377\000R\000e\000q\000u\000i\000s\000i\000t\000o\000\040\000b\000\341\000s\000i\000c\000o\000\040\0003\000,\000\040\000H\000i\000s\000t\000o\000r\000i\000a\000\040\000d\000e\000\040\000u\000s\000u\000a\000r\000i\000o\000\040\0003}{subsubsection.2.1.3}% 28
\BOOKMARK [4][-]{paragraph.2.1.3.4}{\376\377\000R\000e\000q\000u\000i\000s\000i\000t\000o\000\040\000b\000\341\000s\000i\000c\000o\000\040\0003\000,\000\040\000H\000i\000s\000t\000o\000r\000i\000a\000\040\000d\000e\000\040\000u\000s\000u\000a\000r\000i\000o\000\040\0004}{subsubsection.2.1.3}% 29
\BOOKMARK [3][-]{subsubsection.2.1.4}{\376\377\000R\000e\000q\000u\000i\000s\000i\000t\000o\000\040\000b\000\341\000s\000i\000c\000o\000\040\0004\000\040\000-\000\040\000R\000e\000c\000u\000p\000e\000r\000a\000r\000\040\000e\000l\000\040\000\372\000l\000t\000i\000m\000o\000\040\000e\000s\000t\000a\000d\000o\000\040\000d\000e\000\040\000l\000a\000\040\000a\000p\000l\000i\000c\000a\000c\000i\000\363\000n}{subsection.2.1}% 30
\BOOKMARK [4][-]{paragraph.2.1.4.1}{\376\377\000R\000e\000q\000u\000i\000s\000i\000t\000o\000\040\000b\000\341\000s\000i\000c\000o\000\040\0004\000,\000\040\000H\000i\000s\000t\000o\000r\000i\000a\000\040\000d\000e\000\040\000u\000s\000u\000a\000r\000i\000o\000\040\0001}{subsubsection.2.1.4}% 31
\BOOKMARK [4][-]{paragraph.2.1.4.2}{\376\377\000R\000e\000q\000u\000i\000s\000i\000t\000o\000\040\000b\000\341\000s\000i\000c\000o\000\040\0004\000,\000\040\000H\000i\000s\000t\000o\000r\000i\000a\000\040\000d\000e\000\040\000u\000s\000u\000a\000r\000i\000o\000\040\0002}{subsubsection.2.1.4}% 32
\BOOKMARK [2][-]{subsection.2.2}{\376\377\000R\000e\000q\000u\000i\000s\000i\000t\000o\000s\000\040\000a\000v\000a\000n\000z\000a\000d\000o\000s}{section.2}% 33
\BOOKMARK [3][-]{subsubsection.2.2.1}{\376\377\000R\000e\000q\000u\000i\000s\000i\000t\000o\000\040\000a\000v\000a\000n\000z\000a\000d\000o\000\040\0001\000\040\000-\000\040\000C\000r\000e\000a\000r\000\040\000c\000u\000e\000n\000t\000a\000s\000\040\000e\000n\000\040\000l\000a\000\040\000a\000p\000l\000i\000c\000a\000c\000i\000\363\000n}{subsection.2.2}% 34
\BOOKMARK [4][-]{paragraph.2.2.1.1}{\376\377\000R\000e\000q\000u\000i\000s\000i\000t\000o\000\040\000a\000v\000a\000n\000z\000a\000d\000o\000\040\0001\000,\000\040\000H\000i\000s\000t\000o\000r\000i\000a\000\040\000d\000e\000\040\000u\000s\000u\000a\000r\000i\000o\000\040\0001}{subsubsection.2.2.1}% 35
\BOOKMARK [4][-]{paragraph.2.2.1.2}{\376\377\000R\000e\000q\000u\000i\000s\000i\000t\000o\000\040\000a\000v\000a\000n\000z\000a\000d\000o\000\040\0001\000,\000\040\000H\000i\000s\000t\000o\000r\000i\000a\000\040\000d\000e\000\040\000u\000s\000u\000a\000r\000i\000o\000\040\0002}{subsubsection.2.2.1}% 36
\BOOKMARK [4][-]{paragraph.2.2.1.3}{\376\377\000R\000e\000q\000u\000i\000s\000i\000t\000o\000\040\000a\000v\000a\000n\000z\000a\000d\000o\000\040\0001\000,\000\040\000H\000i\000s\000t\000o\000r\000i\000a\000\040\000d\000e\000\040\000u\000s\000u\000a\000r\000i\000o\000\040\0003}{subsubsection.2.2.1}% 37
\BOOKMARK [4][-]{paragraph.2.2.1.4}{\376\377\000R\000e\000q\000u\000i\000s\000i\000t\000o\000\040\000a\000v\000a\000n\000z\000a\000d\000o\000\040\0001\000,\000\040\000H\000i\000s\000t\000o\000r\000i\000a\000\040\000d\000e\000\040\000u\000s\000u\000a\000r\000i\000o\000\040\0004}{subsubsection.2.2.1}% 38
\BOOKMARK [4][-]{paragraph.2.2.1.5}{\376\377\000R\000e\000q\000u\000i\000s\000i\000t\000o\000\040\000a\000v\000a\000n\000z\000a\000d\000o\000\040\0001\000,\000\040\000H\000i\000s\000t\000o\000r\000i\000a\000\040\000d\000e\000\040\000u\000s\000u\000a\000r\000i\000o\000\040\0005}{subsubsection.2.2.1}% 39
\BOOKMARK [3][-]{subsubsection.2.2.2}{\376\377\000R\000e\000q\000u\000i\000s\000i\000t\000o\000\040\000a\000v\000a\000n\000z\000a\000d\000o\000\040\0002\000\040\000-\000\040\000M\000o\000d\000o\000\040\000i\000n\000v\000i\000t\000a\000d\000o}{subsection.2.2}% 40
\BOOKMARK [4][-]{paragraph.2.2.2.1}{\376\377\000R\000e\000q\000u\000i\000s\000i\000t\000o\000\040\000a\000v\000a\000n\000z\000a\000d\000o\000\040\0002\000,\000\040\000H\000i\000s\000t\000o\000r\000i\000a\000\040\000d\000e\000\040\000u\000s\000u\000a\000r\000i\000o\000\040\0001}{subsubsection.2.2.2}% 41
\BOOKMARK [4][-]{paragraph.2.2.2.2}{\376\377\000R\000e\000q\000u\000i\000s\000i\000t\000o\000\040\000a\000v\000a\000n\000z\000a\000d\000o\000\040\0002\000,\000\040\000H\000i\000s\000t\000o\000r\000i\000a\000\040\000d\000e\000\040\000u\000s\000u\000a\000r\000i\000o\000\040\0002}{subsubsection.2.2.2}% 42
\BOOKMARK [3][-]{subsubsection.2.2.3}{\376\377\000R\000e\000q\000u\000i\000s\000i\000t\000o\000\040\000a\000v\000a\000n\000z\000a\000d\000o\000\040\0003\000\040\000-\000\040\000A\000u\000t\000o\000c\000o\000m\000p\000l\000e\000t\000a\000d\000o\000\040\000d\000e\000\040\000t\000e\000x\000t\000o}{subsection.2.2}% 43
\BOOKMARK [4][-]{paragraph.2.2.3.1}{\376\377\000R\000e\000q\000u\000i\000s\000i\000t\000o\000\040\000a\000v\000a\000n\000z\000a\000d\000o\000\040\0003\000,\000\040\000H\000i\000s\000t\000o\000r\000i\000a\000\040\000d\000e\000\040\000u\000s\000u\000a\000r\000i\000o\000\040\0001}{subsubsection.2.2.3}% 44
\BOOKMARK [1][-]{section.3}{\376\377\000P\000l\000a\000n\000i\000f\000i\000c\000a\000c\000i\000\363\000n\000\040\000d\000e\000l\000\040\000p\000r\000o\000y\000e\000c\000t\000o}{}% 45
\BOOKMARK [2][-]{subsection.3.1}{\376\377\000S\000p\000i\000k\000e\000\040\000o\000\040\000I\000t\000e\000r\000a\000c\000i\000\363\000n\000\040\0000}{section.3}% 46
\BOOKMARK [2][-]{subsection.3.2}{\376\377\000R\000o\000a\000d\000m\000a\000p}{section.3}% 47
\BOOKMARK [3][-]{subsubsection.3.2.1}{\376\377\000I\000t\000e\000r\000a\000c\000i\000\363\000n\000\040\0001}{subsection.3.2}% 48
\BOOKMARK [3][-]{subsubsection.3.2.2}{\376\377\000I\000t\000e\000r\000a\000c\000i\000\363\000n\000\040\0002}{subsection.3.2}% 49
\BOOKMARK [3][-]{subsubsection.3.2.3}{\376\377\000I\000t\000e\000r\000a\000c\000i\000\363\000n\000\040\0003}{subsection.3.2}% 50
\BOOKMARK [1][-]{section.4}{\376\377\000D\000i\000s\000e\000\361\000o}{}% 51
\BOOKMARK [2][-]{subsection.4.1}{\376\377\000D\000i\000s\000e\000\361\000o\000\040\000d\000e\000\040\000l\000a\000\040\000a\000r\000q\000u\000i\000t\000e\000c\000t\000u\000r\000a\000\040\000d\000e\000\040\000s\000o\000f\000t\000w\000a\000r\000e}{section.4}% 52
\BOOKMARK [2][-]{subsection.4.2}{\376\377\000T\000e\000c\000n\000o\000l\000o\000g\000\355\000a\000s\000\040\000u\000t\000i\000l\000i\000z\000a\000d\000a\000s}{section.4}% 53
\BOOKMARK [3][-]{subsubsection.4.2.1}{\376\377\000D\000e\000p\000e\000n\000d\000e\000n\000c\000i\000a\000s\000\040\000y\000\040\000t\000e\000c\000n\000o\000l\000o\000g\000\355\000a\000s}{subsection.4.2}% 54
\BOOKMARK [2][-]{subsection.4.3}{\376\377\000P\000a\000t\000r\000o\000n\000e\000s\000\040\000d\000e\000\040\000d\000i\000s\000e\000\361\000o}{section.4}% 55
\BOOKMARK [3][-]{subsubsection.4.3.1}{\376\377\000P\000a\000t\000r\000o\000n\000e\000s\000\040\000i\000d\000e\000n\000t\000i\000f\000i\000c\000a\000d\000o\000s}{subsection.4.3}% 56
\BOOKMARK [4][-]{paragraph.4.3.1.1}{\376\377\000P\000a\000t\000r\000\363\000n\000\040\000P\000r\000o\000x\000y}{subsubsection.4.3.1}% 57
\BOOKMARK [4][-]{paragraph.4.3.1.2}{\376\377\000P\000a\000t\000r\000\363\000n\000\040\000D\000e\000p\000e\000n\000d\000e\000n\000c\000y\000\040\000I\000n\000v\000e\000r\000s\000i\000o\000n}{subsubsection.4.3.1}% 58
\BOOKMARK [4][-]{paragraph.4.3.1.3}{\376\377\000P\000a\000t\000r\000\363\000n\000\040\000S\000i\000n\000g\000l\000e\000t\000o\000n}{subsubsection.4.3.1}% 59
\BOOKMARK [3][-]{subsubsection.4.3.2}{\376\377\000P\000a\000t\000r\000o\000n\000e\000s\000\040\000i\000m\000p\000l\000e\000m\000e\000n\000t\000a\000d\000o\000s}{subsection.4.3}% 60
\BOOKMARK [4][-]{paragraph.4.3.2.1}{\376\377\000T\000e\000m\000p\000l\000a\000t\000e\000\040\000M\000e\000t\000h\000o\000d}{subsubsection.4.3.2}% 61
\BOOKMARK [4][-]{paragraph.4.3.2.2}{\376\377\000F\000a\000c\000t\000o\000r\000y\000\040\000M\000e\000t\000h\000o\000d}{subsubsection.4.3.2}% 62
\BOOKMARK [4][-]{paragraph.4.3.2.3}{\376\377\000F\000a\000c\000a\000d\000e\000\040\000M\000e\000t\000h\000o\000d}{subsubsection.4.3.2}% 63
\BOOKMARK [2][-]{subsection.4.4}{\376\377\000P\000r\000u\000e\000b\000a\000s}{section.4}% 64
\BOOKMARK [2][-]{subsection.4.5}{\376\377\000D\000i\000s\000e\000\361\000o\000\040\000g\000r\000\341\000f\000i\000c\000o}{section.4}% 65
\BOOKMARK [3][-]{subsubsection.4.5.1}{\376\377\000I\000d\000e\000n\000t\000i\000d\000a\000d\000\040\000p\000r\000o\000p\000i\000a}{subsection.4.5}% 66
\BOOKMARK [4][-]{paragraph.4.5.1.1}{\376\377\000M\000i\000s\000i\000\363\000n\000,\000\040\000v\000i\000s\000i\000\363\000n\000\040\000y\000\040\000v\000a\000l\000o\000r\000e\000s}{subsubsection.4.5.1}% 67
\BOOKMARK [4][-]{paragraph.4.5.1.2}{\376\377\000E\000x\000p\000e\000r\000i\000e\000n\000c\000i\000a\000\040\000d\000e\000l\000\040\000c\000l\000i\000e\000n\000t\000e}{subsubsection.4.5.1}% 68
\BOOKMARK [4][-]{paragraph.4.5.1.3}{\376\377\000L\000o\000g\000o\000t\000i\000p\000o}{subsubsection.4.5.1}% 69
\BOOKMARK [4][-]{paragraph.4.5.1.4}{\376\377\000S\000e\000l\000e\000c\000c\000i\000\363\000n\000\040\000d\000e\000\040\000c\000o\000l\000o\000r}{subsubsection.4.5.1}% 70
\BOOKMARK [4][-]{paragraph.4.5.1.5}{\376\377\000T\000i\000p\000o\000g\000r\000a\000f\000\355\000a}{subsubsection.4.5.1}% 71
\BOOKMARK [3][-]{subsubsection.4.5.2}{\376\377\000I\000n\000t\000e\000r\000f\000a\000z\000\040\000d\000e\000\040\000u\000s\000u\000a\000r\000i\000o}{subsection.4.5}% 72
\BOOKMARK [4][-]{paragraph.4.5.2.1}{\376\377\000B\000o\000s\000q\000u\000e\000j\000o\000\040\000i\000n\000i\000c\000i\000a\000l}{subsubsection.4.5.2}% 73
\BOOKMARK [4][-]{paragraph.4.5.2.2}{\376\377\000B\000o\000s\000q\000u\000e\000j\000o\000\040\000d\000e\000\040\000a\000l\000t\000a\000\040\000f\000i\000d\000e\000l\000i\000d\000a\000d}{subsubsection.4.5.2}% 74
\BOOKMARK [4][-]{paragraph.4.5.2.3}{\376\377\000I\000m\000p\000l\000e\000m\000e\000n\000t\000a\000c\000i\000\363\000n\000\040\000r\000e\000a\000l}{subsubsection.4.5.2}% 75
\BOOKMARK [4][-]{paragraph.4.5.2.4}{\376\377\000R\000e\000s\000p\000o\000n\000s\000i\000v\000i\000d\000a\000d\000\040\000y\000\040\000d\000i\000s\000e\000\361\000o\000\040\000e\000n\000\040\000d\000i\000s\000p\000o\000s\000i\000t\000i\000v\000o\000s\000\040\000m\000\363\000v\000i\000l\000e\000s}{subsubsection.4.5.2}% 76
\BOOKMARK [1][-]{section.5}{\376\377\000O\000r\000g\000a\000n\000i\000z\000a\000c\000i\000\363\000n}{}% 77
\BOOKMARK [2][-]{subsection.5.1}{\376\377\000P\000r\000o\000y\000e\000c\000t\000o}{section.5}% 78
\BOOKMARK [2][-]{subsection.5.2}{\376\377\000I\000n\000t\000e\000r\000f\000a\000z\000\040\000d\000e\000\040\000P\000r\000o\000g\000r\000a\000m\000a\000c\000i\000\363\000n\000\040\000d\000e\000\040\000A\000p\000l\000i\000c\000a\000c\000i\000o\000n\000e\000s\000\040\040\023\000\040\000A\000P\000I}{section.5}% 79
\BOOKMARK [3][-]{subsubsection.5.2.1}{\376\377\000T\000i\000p\000o\000s\000\040\000d\000e\000\040\000d\000a\000t\000o\000s}{subsection.5.2}% 80
\BOOKMARK [4][-]{paragraph.5.2.1.1}{\376\377\000B\000\341\000s\000i\000c\000o\000s}{subsubsection.5.2.1}% 81
\BOOKMARK [3][-]{subsubsection.5.2.2}{\376\377\000R\000e\000s\000p\000u\000e\000s\000t\000a\000s\000\040\000d\000e\000\040\000s\000e\000r\000v\000i\000c\000i\000o\000s}{subsection.5.2}% 82
\BOOKMARK [4][-]{paragraph.5.2.2.1}{\376\377\000W\000E\000A\000T\000H\000E\000R}{subsubsection.5.2.2}% 83
\BOOKMARK [4][-]{paragraph.5.2.2.2}{\376\377\000E\000V\000E\000N\000T\000S}{subsubsection.5.2.2}% 84
\BOOKMARK [4][-]{paragraph.5.2.2.3}{\376\377\000N\000E\000W\000S}{subsubsection.5.2.2}% 85
\BOOKMARK [3][-]{subsubsection.5.2.3}{\376\377\000P\000e\000t\000i\000c\000i\000o\000n\000e\000s}{subsection.5.2}% 86
\BOOKMARK [4][-]{paragraph.5.2.3.1}{\376\377\000C\000u\000e\000n\000t\000a\000s}{subsubsection.5.2.3}% 87
\BOOKMARK [4][-]{paragraph.5.2.3.2}{\376\377\000U\000b\000i\000c\000a\000c\000i\000o\000n\000e\000s}{subsubsection.5.2.3}% 88
\BOOKMARK [4][-]{paragraph.5.2.3.3}{\376\377\000S\000e\000r\000v\000i\000c\000i\000o\000s}{subsubsection.5.2.3}% 89
\BOOKMARK [1][-]{section.6}{\376\377\000P\000o\000s\000t\000e\000v\000a\000l\000u\000a\000c\000i\000o\000n\000e\000s\000\040\000y\000\040\000c\000o\000n\000c\000l\000u\000s\000i\000o\000n\000e\000s}{}% 90
\BOOKMARK [2][-]{subsection.6.1}{\376\377\000P\000o\000s\000t\000e\000v\000a\000l\000u\000a\000c\000i\000o\000n\000e\000s}{section.6}% 91
\BOOKMARK [3][-]{subsubsection.6.1.1}{\376\377\000P\000o\000s\000t\000e\000v\000a\000l\000u\000a\000c\000i\000\363\000n\000\040\000d\000e\000\040\000l\000a\000\040\000a\000r\000q\000u\000i\000t\000e\000c\000t\000u\000r\000a}{subsection.6.1}% 92
\BOOKMARK [3][-]{subsubsection.6.1.2}{\376\377\000P\000o\000s\000t\000e\000v\000a\000l\000u\000a\000c\000i\000\363\000n\000\040\000d\000e\000\040\000l\000a\000\040\000i\000n\000t\000e\000r\000f\000a\000z}{subsection.6.1}% 93
\BOOKMARK [2][-]{subsection.6.2}{\376\377\000C\000o\000n\000c\000l\000u\000s\000i\000o\000n\000e\000s}{section.6}% 94
\BOOKMARK [3][-]{subsubsection.6.2.1}{\376\377\000C\000u\000m\000p\000l\000i\000m\000i\000e\000n\000t\000o\000\040\000d\000e\000\040\000o\000b\000j\000e\000t\000i\000v\000o\000s}{subsection.6.2}% 95
\BOOKMARK [3][-]{subsubsection.6.2.2}{\376\377\000E\000x\000p\000e\000r\000i\000e\000n\000c\000i\000a\000\040\000p\000e\000r\000s\000o\000n\000a\000l}{subsection.6.2}% 96
\BOOKMARK [1][-]{appendix.Alph1}{\376\377\000R\000e\000f\000e\000r\000e\000n\000c\000i\000a\000s}{}% 97
\BOOKMARK [1][-]{appendix.Alph2}{\376\377\000D\000o\000c\000u\000m\000e\000n\000t\000a\000c\000i\000\363\000n}{}% 98
\BOOKMARK [2][-]{subsection.Alph2.1}{\376\377\000F\000r\000o\000n\000t\000e\000n\000d\000\040\000-\000\040\000J\000a\000v\000a\000s\000c\000r\000i\000p\000t}{appendix.Alph2}% 99
\BOOKMARK [2][-]{subsection.Alph2.2}{\376\377\000B\000a\000c\000k\000e\000n\000d\000\040\000-\000\040\000J\000a\000v\000a}{appendix.Alph2}% 100
\BOOKMARK [1][-]{appendix.Alph3}{\376\377\000G\000l\000o\000s\000a\000r\000i\000o}{}% 101
\BOOKMARK [2][-]{subsection.Alph3.1}{\376\377\000G\000l\000o\000s\000a\000r\000i\000o\000\040\000d\000e\000s\000c\000r\000i\000p\000t\000i\000v\000o}{appendix.Alph3}% 102
\BOOKMARK [2][-]{subsection.Alph3.2}{\376\377\000S\000i\000g\000l\000a\000s\000\040\000y\000\040\000a\000c\000r\000\363\000n\000i\000m\000o\000s}{appendix.Alph3}% 103
