\BOOKMARK [1][-]{section.1}{\376\377\000D\000i\000s\000e\000\361\000o}{}% 1
\BOOKMARK [2][-]{subsection.1.1}{\376\377\000D\000i\000s\000e\000\361\000o\000\040\000d\000e\000\040\000l\000a\000\040\000a\000r\000q\000u\000i\000t\000e\000c\000t\000u\000r\000a\000\040\000d\000e\000\040\000s\000o\000f\000t\000w\000a\000r\000e}{section.1}% 2
\BOOKMARK [2][-]{subsection.1.2}{\376\377\000T\000e\000c\000n\000o\000l\000o\000g\000\355\000a\000s\000\040\000u\000t\000i\000l\000i\000z\000a\000d\000a\000s}{section.1}% 3
\BOOKMARK [3][-]{subsubsection.1.2.1}{\376\377\000D\000e\000p\000e\000n\000d\000e\000n\000c\000i\000a\000s\000\040\000y\000\040\000t\000e\000c\000n\000o\000l\000o\000g\000\355\000a\000s}{subsection.1.2}% 4
\BOOKMARK [2][-]{subsection.1.3}{\376\377\000P\000a\000t\000r\000o\000n\000e\000s\000\040\000d\000e\000\040\000d\000i\000s\000e\000\361\000o}{section.1}% 5
\BOOKMARK [3][-]{subsubsection.1.3.1}{\376\377\000P\000a\000t\000r\000o\000n\000e\000s\000\040\000i\000d\000e\000n\000t\000i\000f\000i\000c\000a\000d\000o\000s}{subsection.1.3}% 6
\BOOKMARK [4][-]{paragraph.1.3.1.1}{\376\377\000P\000a\000t\000r\000\363\000n\000\040\000P\000r\000o\000x\000y}{subsubsection.1.3.1}% 7
\BOOKMARK [4][-]{paragraph.1.3.1.2}{\376\377\000P\000a\000t\000r\000\363\000n\000\040\000D\000e\000p\000e\000n\000d\000e\000n\000c\000y\000\040\000I\000n\000v\000e\000r\000s\000i\000o\000n}{subsubsection.1.3.1}% 8
\BOOKMARK [4][-]{paragraph.1.3.1.3}{\376\377\000P\000a\000t\000r\000\363\000n\000\040\000S\000i\000n\000g\000l\000e\000t\000o\000n}{subsubsection.1.3.1}% 9
\BOOKMARK [3][-]{subsubsection.1.3.2}{\376\377\000P\000a\000t\000r\000o\000n\000e\000s\000\040\000i\000m\000p\000l\000e\000m\000e\000n\000t\000a\000d\000o\000s}{subsection.1.3}% 10
\BOOKMARK [4][-]{paragraph.1.3.2.1}{\376\377\000T\000e\000m\000p\000l\000a\000t\000e\000\040\000M\000e\000t\000h\000o\000d}{subsubsection.1.3.2}% 11
\BOOKMARK [4][-]{paragraph.1.3.2.2}{\376\377\000F\000a\000c\000t\000o\000r\000y\000\040\000M\000e\000t\000h\000o\000d}{subsubsection.1.3.2}% 12
\BOOKMARK [4][-]{paragraph.1.3.2.3}{\376\377\000F\000a\000c\000a\000d\000e\000\040\000M\000e\000t\000h\000o\000d}{subsubsection.1.3.2}% 13
\BOOKMARK [2][-]{subsection.1.4}{\376\377\000P\000r\000u\000e\000b\000a\000s}{section.1}% 14
\BOOKMARK [2][-]{subsection.1.5}{\376\377\000D\000i\000s\000e\000\361\000o\000\040\000g\000r\000\341\000f\000i\000c\000o}{section.1}% 15
\BOOKMARK [3][-]{subsubsection.1.5.1}{\376\377\000I\000d\000e\000n\000t\000i\000d\000a\000d\000\040\000p\000r\000o\000p\000i\000a}{subsection.1.5}% 16
\BOOKMARK [4][-]{paragraph.1.5.1.1}{\376\377\000M\000i\000s\000i\000\363\000n\000,\000\040\000v\000i\000s\000i\000\363\000n\000\040\000y\000\040\000v\000a\000l\000o\000r\000e\000s}{subsubsection.1.5.1}% 17
\BOOKMARK [4][-]{paragraph.1.5.1.2}{\376\377\000E\000x\000p\000e\000r\000i\000e\000n\000c\000i\000a\000\040\000d\000e\000l\000\040\000c\000l\000i\000e\000n\000t\000e}{subsubsection.1.5.1}% 18
\BOOKMARK [4][-]{paragraph.1.5.1.3}{\376\377\000L\000o\000g\000o\000t\000i\000p\000o}{subsubsection.1.5.1}% 19
\BOOKMARK [4][-]{paragraph.1.5.1.4}{\376\377\000S\000e\000l\000e\000c\000c\000i\000\363\000n\000\040\000d\000e\000\040\000c\000o\000l\000o\000r}{subsubsection.1.5.1}% 20
\BOOKMARK [4][-]{paragraph.1.5.1.5}{\376\377\000T\000i\000p\000o\000g\000r\000a\000f\000\355\000a}{subsubsection.1.5.1}% 21
\BOOKMARK [3][-]{subsubsection.1.5.2}{\376\377\000I\000n\000t\000e\000r\000f\000a\000z\000\040\000d\000e\000\040\000u\000s\000u\000a\000r\000i\000o}{subsection.1.5}% 22
\BOOKMARK [4][-]{paragraph.1.5.2.1}{\376\377\000B\000o\000s\000q\000u\000e\000j\000o\000\040\000i\000n\000i\000c\000i\000a\000l}{subsubsection.1.5.2}% 23
\BOOKMARK [4][-]{paragraph.1.5.2.2}{\376\377\000B\000o\000s\000q\000u\000e\000j\000o\000\040\000d\000e\000\040\000a\000l\000t\000a\000\040\000f\000i\000d\000e\000l\000i\000d\000a\000d}{subsubsection.1.5.2}% 24
\BOOKMARK [4][-]{paragraph.1.5.2.3}{\376\377\000I\000m\000p\000l\000e\000m\000e\000n\000t\000a\000c\000i\000\363\000n\000\040\000r\000e\000a\000l}{subsubsection.1.5.2}% 25
\BOOKMARK [4][-]{paragraph.1.5.2.4}{\376\377\000R\000e\000s\000p\000o\000n\000s\000i\000v\000i\000d\000a\000d\000\040\000y\000\040\000d\000i\000s\000e\000\361\000o\000\040\000e\000n\000\040\000d\000i\000s\000p\000o\000s\000i\000t\000i\000v\000o\000s\000\040\000m\000\363\000v\000i\000l\000e\000s}{subsubsection.1.5.2}% 26
